<?xml version="1.0" encoding="UTF-8"?>
<!-- Generated by org.testng.reporters.JUnitReportReporter -->
<testsuite hostname="LAPTOP-JENQK1SS" failures="0" tests="5" name="com.projectk.qa.testcases.TextBoxTest" time="48.869" errors="0" timestamp="2022-06-28T07:52:50 IST" skipped="0">
  <testcase classname="com.projectk.qa.testcases.TextBoxTest" name="textBoxButtonTest" time="15.317"/>
  <system-out/>
  <testcase classname="com.projectk.qa.testcases.TextBoxTest" name="dataDriventextBoxButtonTest" time="8.619"/>
  <system-out/>
  <testcase classname="com.projectk.qa.testcases.TextBoxTest" name="dataDriventextBoxButtonTest" time="8.145"/>
  <system-out/>
  <testcase classname="com.projectk.qa.testcases.TextBoxTest" name="dataDriventextBoxButtonTest" time="8.001"/>
  <system-out/>
  <testcase classname="com.projectk.qa.testcases.TextBoxTest" name="dataDriventextBoxButtonTest" time="8.787"/>
  <system-out/>
</testsuite> <!-- com.projectk.qa.testcases.TextBoxTest -->
