<?xml version="1.0" encoding="UTF-8"?>
<!-- Generated by org.testng.reporters.JUnitReportReporter -->
<testsuite hostname="LAPTOP-JENQK1SS" failures="0" tests="5" name="com.projectk.qa.testcases.TextBoxTest" time="116.354" errors="0" timestamp="2022-06-28T14:24:13 IST" skipped="0">
  <testcase classname="com.projectk.qa.testcases.TextBoxTest" name="textBoxButtonTest" time="37.458"/>
  <system-out/>
  <testcase classname="com.projectk.qa.testcases.TextBoxTest" name="dataDriventextBoxButtonTest" time="19.383"/>
  <system-out/>
  <testcase classname="com.projectk.qa.testcases.TextBoxTest" name="dataDriventextBoxButtonTest" time="32.557"/>
  <system-out/>
  <testcase classname="com.projectk.qa.testcases.TextBoxTest" name="dataDriventextBoxButtonTest" time="12.475"/>
  <system-out/>
  <testcase classname="com.projectk.qa.testcases.TextBoxTest" name="dataDriventextBoxButtonTest" time="14.481"/>
  <system-out/>
</testsuite> <!-- com.projectk.qa.testcases.TextBoxTest -->
